mode: set
github.com/mlgaray/ecommerce_api/internal/core/models/category.go:18.32,20.2 1 1
github.com/mlgaray/ecommerce_api/internal/core/models/category.go:24.60,25.16 1 1
github.com/mlgaray/ecommerce_api/internal/core/models/category.go:26.26,27.16 1 1
github.com/mlgaray/ecommerce_api/internal/core/models/category.go:28.31,29.21 1 1
github.com/mlgaray/ecommerce_api/internal/core/models/category.go:30.10,31.14 1 1
github.com/mlgaray/ecommerce_api/internal/core/models/category.go:65.63,70.61 3 1
github.com/mlgaray/ecommerce_api/internal/core/models/category.go:70.61,72.3 1 1
github.com/mlgaray/ecommerce_api/internal/core/models/category.go:74.2,74.20 1 1
github.com/mlgaray/ecommerce_api/internal/core/models/category.go:78.44,79.18 1 1
github.com/mlgaray/ecommerce_api/internal/core/models/category.go:79.18,81.3 1 1
github.com/mlgaray/ecommerce_api/internal/core/models/category.go:82.2,82.24 1 1
github.com/mlgaray/ecommerce_api/internal/core/models/category.go:82.24,84.3 1 1
github.com/mlgaray/ecommerce_api/internal/core/models/category.go:88.63,95.32 2 1
github.com/mlgaray/ecommerce_api/internal/core/models/category.go:95.32,99.3 1 1
github.com/mlgaray/ecommerce_api/internal/core/models/category.go:101.2,101.20 1 1
github.com/mlgaray/ecommerce_api/internal/core/models/category.go:101.20,103.3 1 1
github.com/mlgaray/ecommerce_api/internal/core/models/category.go:105.2,105.86 1 1
github.com/mlgaray/ecommerce_api/internal/core/models/category.go:105.86,109.3 1 1
github.com/mlgaray/ecommerce_api/internal/core/models/category.go:111.2,111.23 1 1
github.com/mlgaray/ecommerce_api/internal/core/models/category.go:111.23,113.3 1 1
github.com/mlgaray/ecommerce_api/internal/core/models/category.go:115.2,115.12 1 1
github.com/mlgaray/ecommerce_api/internal/core/models/coupon.go:42.30,44.2 1 1
github.com/mlgaray/ecommerce_api/internal/core/models/coupon.go:47.58,48.16 1 1
github.com/mlgaray/ecommerce_api/internal/core/models/coupon.go:49.24,50.16 1 1
github.com/mlgaray/ecommerce_api/internal/core/models/coupon.go:51.23,52.21 1 1
github.com/mlgaray/ecommerce_api/internal/core/models/coupon.go:53.10,54.14 1 1
github.com/mlgaray/ecommerce_api/internal/core/models/coupon.go:61.35,72.38 3 1
github.com/mlgaray/ecommerce_api/internal/core/models/coupon.go:72.38,73.36 1 1
github.com/mlgaray/ecommerce_api/internal/core/models/coupon.go:73.36,75.4 1 1
github.com/mlgaray/ecommerce_api/internal/core/models/coupon.go:78.2,78.12 1 1
github.com/mlgaray/ecommerce_api/internal/core/models/coupon.go:82.39,83.18 1 1
github.com/mlgaray/ecommerce_api/internal/core/models/coupon.go:83.18,85.3 1 1
github.com/mlgaray/ecommerce_api/internal/core/models/coupon.go:87.2,87.39 1 1
github.com/mlgaray/ecommerce_api/internal/core/models/coupon.go:87.39,89.3 1 1
github.com/mlgaray/ecommerce_api/internal/core/models/coupon.go:91.2,91.12 1 1
github.com/mlgaray/ecommerce_api/internal/core/models/coupon.go:95.39,96.65 1 1
github.com/mlgaray/ecommerce_api/internal/core/models/coupon.go:96.65,98.3 1 1
github.com/mlgaray/ecommerce_api/internal/core/models/coupon.go:100.2,100.12 1 1
github.com/mlgaray/ecommerce_api/internal/core/models/coupon.go:104.40,105.18 1 1
github.com/mlgaray/ecommerce_api/internal/core/models/coupon.go:105.18,107.3 1 1
github.com/mlgaray/ecommerce_api/internal/core/models/coupon.go:109.2,109.53 1 1
github.com/mlgaray/ecommerce_api/internal/core/models/coupon.go:109.53,111.3 1 1
github.com/mlgaray/ecommerce_api/internal/core/models/coupon.go:113.2,113.26 1 1
github.com/mlgaray/ecommerce_api/internal/core/models/coupon.go:113.26,115.3 1 1
github.com/mlgaray/ecommerce_api/internal/core/models/coupon.go:117.2,117.12 1 1
github.com/mlgaray/ecommerce_api/internal/core/models/coupon.go:121.41,122.47 1 1
github.com/mlgaray/ecommerce_api/internal/core/models/coupon.go:122.47,124.3 1 1
github.com/mlgaray/ecommerce_api/internal/core/models/coupon.go:126.2,126.57 1 1
github.com/mlgaray/ecommerce_api/internal/core/models/coupon.go:126.57,128.3 1 1
github.com/mlgaray/ecommerce_api/internal/core/models/coupon.go:130.2,130.12 1 1
github.com/mlgaray/ecommerce_api/internal/core/models/coupon.go:134.40,135.80 1 1
github.com/mlgaray/ecommerce_api/internal/core/models/coupon.go:135.80,137.3 1 1
github.com/mlgaray/ecommerce_api/internal/core/models/coupon.go:139.2,139.12 1 1
github.com/mlgaray/ecommerce_api/internal/core/models/coupon.go:146.62,148.16 2 1
github.com/mlgaray/ecommerce_api/internal/core/models/coupon.go:149.28,150.56 1 1
github.com/mlgaray/ecommerce_api/internal/core/models/coupon.go:151.23,152.21 1 1
github.com/mlgaray/ecommerce_api/internal/core/models/coupon.go:155.2,155.25 1 1
github.com/mlgaray/ecommerce_api/internal/core/models/coupon.go:155.25,157.3 1 1
github.com/mlgaray/ecommerce_api/internal/core/models/coupon.go:159.2,159.17 1 1
github.com/mlgaray/ecommerce_api/internal/core/models/coupon.go:192.59,197.61 3 1
github.com/mlgaray/ecommerce_api/internal/core/models/coupon.go:197.61,199.3 1 1
github.com/mlgaray/ecommerce_api/internal/core/models/coupon.go:201.2,201.20 1 1
github.com/mlgaray/ecommerce_api/internal/core/models/coupon.go:205.42,206.18 1 1
github.com/mlgaray/ecommerce_api/internal/core/models/coupon.go:206.18,208.3 1 1
github.com/mlgaray/ecommerce_api/internal/core/models/coupon.go:209.2,209.24 1 1
github.com/mlgaray/ecommerce_api/internal/core/models/coupon.go:209.24,211.3 1 1
github.com/mlgaray/ecommerce_api/internal/core/models/coupon.go:215.61,222.32 2 1
github.com/mlgaray/ecommerce_api/internal/core/models/coupon.go:222.32,226.3 1 1
github.com/mlgaray/ecommerce_api/internal/core/models/coupon.go:228.2,228.20 1 1
github.com/mlgaray/ecommerce_api/internal/core/models/coupon.go:228.20,230.3 1 1
github.com/mlgaray/ecommerce_api/internal/core/models/coupon.go:232.2,232.86 1 1
github.com/mlgaray/ecommerce_api/internal/core/models/coupon.go:232.86,236.3 1 1
github.com/mlgaray/ecommerce_api/internal/core/models/coupon.go:238.2,238.23 1 1
github.com/mlgaray/ecommerce_api/internal/core/models/coupon.go:238.23,240.3 1 1
github.com/mlgaray/ecommerce_api/internal/core/models/coupon.go:242.2,242.12 1 1
github.com/mlgaray/ecommerce_api/internal/core/models/delivery_zone.go:15.41,16.18 1 1
github.com/mlgaray/ecommerce_api/internal/core/models/delivery_zone.go:16.18,20.3 1 1
github.com/mlgaray/ecommerce_api/internal/core/models/delivery_zone.go:21.2,21.17 1 1
github.com/mlgaray/ecommerce_api/internal/core/models/delivery_zone.go:21.17,25.3 1 1
github.com/mlgaray/ecommerce_api/internal/core/models/delivery_zone.go:26.2,26.12 1 1
github.com/mlgaray/ecommerce_api/internal/core/models/mercadopago_config.go:16.46,17.25 1 1
github.com/mlgaray/ecommerce_api/internal/core/models/mercadopago_config.go:17.25,21.3 1 1
github.com/mlgaray/ecommerce_api/internal/core/models/mercadopago_config.go:22.2,22.23 1 1
github.com/mlgaray/ecommerce_api/internal/core/models/mercadopago_config.go:22.23,26.3 1 1
github.com/mlgaray/ecommerce_api/internal/core/models/mercadopago_config.go:27.2,27.12 1 1
github.com/mlgaray/ecommerce_api/internal/core/models/metrics.go:135.52,138.26 2 1
github.com/mlgaray/ecommerce_api/internal/core/models/metrics.go:138.26,140.3 1 1
github.com/mlgaray/ecommerce_api/internal/core/models/metrics.go:141.2,141.26 1 1
github.com/mlgaray/ecommerce_api/internal/core/models/metrics.go:141.26,143.3 1 1
github.com/mlgaray/ecommerce_api/internal/core/models/metrics.go:145.2,145.35 1 1
github.com/mlgaray/ecommerce_api/internal/core/models/metrics.go:145.35,147.3 1 1
github.com/mlgaray/ecommerce_api/internal/core/models/metrics.go:149.2,149.18 1 1
github.com/mlgaray/ecommerce_api/internal/core/models/operating_schedule.go:33.47,34.42 1 1
github.com/mlgaray/ecommerce_api/internal/core/models/operating_schedule.go:34.42,36.3 1 1
github.com/mlgaray/ecommerce_api/internal/core/models/operating_schedule.go:37.2,37.23 1 1
github.com/mlgaray/ecommerce_api/internal/core/models/operating_schedule.go:37.23,39.3 1 1
github.com/mlgaray/ecommerce_api/internal/core/models/operating_schedule.go:40.2,40.24 1 1
github.com/mlgaray/ecommerce_api/internal/core/models/operating_schedule.go:40.24,42.3 1 1
github.com/mlgaray/ecommerce_api/internal/core/models/operating_schedule.go:45.2,46.16 2 1
github.com/mlgaray/ecommerce_api/internal/core/models/operating_schedule.go:46.16,48.3 1 1
github.com/mlgaray/ecommerce_api/internal/core/models/operating_schedule.go:49.2,50.16 2 1
github.com/mlgaray/ecommerce_api/internal/core/models/operating_schedule.go:50.16,52.3 1 1
github.com/mlgaray/ecommerce_api/internal/core/models/operating_schedule.go:54.2,54.32 1 1
github.com/mlgaray/ecommerce_api/internal/core/models/operating_schedule.go:54.32,56.3 1 1
github.com/mlgaray/ecommerce_api/internal/core/models/operating_schedule.go:58.2,58.12 1 1
github.com/mlgaray/ecommerce_api/internal/core/models/operating_schedule.go:63.66,65.16 2 1
github.com/mlgaray/ecommerce_api/internal/core/models/operating_schedule.go:65.16,67.3 1 1
github.com/mlgaray/ecommerce_api/internal/core/models/operating_schedule.go:68.2,69.16 2 1
github.com/mlgaray/ecommerce_api/internal/core/models/operating_schedule.go:69.16,71.3 1 1
github.com/mlgaray/ecommerce_api/internal/core/models/operating_schedule.go:74.2,76.67 2 1
github.com/mlgaray/ecommerce_api/internal/core/models/operating_schedule.go:80.50,82.2 1 1
github.com/mlgaray/ecommerce_api/internal/core/models/order.go:27.61,29.9 2 1
github.com/mlgaray/ecommerce_api/internal/core/models/order.go:29.9,31.3 1 1
github.com/mlgaray/ecommerce_api/internal/core/models/order.go:32.2,32.27 1 1
github.com/mlgaray/ecommerce_api/internal/core/models/order.go:37.59,38.35 1 1
github.com/mlgaray/ecommerce_api/internal/core/models/order.go:38.35,40.3 1 1
github.com/mlgaray/ecommerce_api/internal/core/models/order.go:41.2,42.12 2 1
github.com/mlgaray/ecommerce_api/internal/core/models/order.go:48.35,50.2 1 1
github.com/mlgaray/ecommerce_api/internal/core/models/order.go:53.40,54.24 1 1
github.com/mlgaray/ecommerce_api/internal/core/models/order.go:55.92,56.14 1 1
github.com/mlgaray/ecommerce_api/internal/core/models/order.go:57.10,58.15 1 1
github.com/mlgaray/ecommerce_api/internal/core/models/order.go:85.29,87.2 1 1
github.com/mlgaray/ecommerce_api/internal/core/models/order.go:90.57,91.16 1 1
github.com/mlgaray/ecommerce_api/internal/core/models/order.go:92.24,93.17 1 1
github.com/mlgaray/ecommerce_api/internal/core/models/order.go:94.30,95.23 1 1
github.com/mlgaray/ecommerce_api/internal/core/models/order.go:96.23,97.21 1 1
github.com/mlgaray/ecommerce_api/internal/core/models/order.go:98.10,99.13 1 1
github.com/mlgaray/ecommerce_api/internal/core/models/order.go:105.37,106.21 1 1
github.com/mlgaray/ecommerce_api/internal/core/models/order.go:106.21,108.3 1 1
github.com/mlgaray/ecommerce_api/internal/core/models/order.go:109.2,112.13 4 1
github.com/mlgaray/ecommerce_api/internal/core/models/order.go:116.34,117.48 1 1
github.com/mlgaray/ecommerce_api/internal/core/models/order.go:117.48,119.3 1 1
github.com/mlgaray/ecommerce_api/internal/core/models/order.go:121.2,121.23 1 1
github.com/mlgaray/ecommerce_api/internal/core/models/order.go:121.23,123.3 1 1
github.com/mlgaray/ecommerce_api/internal/core/models/order.go:125.2,125.31 1 1
github.com/mlgaray/ecommerce_api/internal/core/models/order.go:125.31,126.41 1 1
github.com/mlgaray/ecommerce_api/internal/core/models/order.go:126.41,128.4 1 1
github.com/mlgaray/ecommerce_api/internal/core/models/order.go:131.2,131.12 1 1
github.com/mlgaray/ecommerce_api/internal/core/models/order_filters.go:47.57,52.51 3 1
github.com/mlgaray/ecommerce_api/internal/core/models/order_filters.go:52.51,54.3 1 1
github.com/mlgaray/ecommerce_api/internal/core/models/order_filters.go:56.2,56.48 1 1
github.com/mlgaray/ecommerce_api/internal/core/models/order_filters.go:56.48,58.3 1 1
github.com/mlgaray/ecommerce_api/internal/core/models/order_filters.go:60.2,60.61 1 1
github.com/mlgaray/ecommerce_api/internal/core/models/order_filters.go:60.61,62.3 1 1
github.com/mlgaray/ecommerce_api/internal/core/models/order_filters.go:64.2,64.20 1 1
github.com/mlgaray/ecommerce_api/internal/core/models/order_filters.go:68.41,69.18 1 1
github.com/mlgaray/ecommerce_api/internal/core/models/order_filters.go:69.18,71.3 1 1
github.com/mlgaray/ecommerce_api/internal/core/models/order_filters.go:72.2,72.24 1 1
github.com/mlgaray/ecommerce_api/internal/core/models/order_filters.go:72.24,74.3 1 1
github.com/mlgaray/ecommerce_api/internal/core/models/order_filters.go:78.50,79.42 1 1
github.com/mlgaray/ecommerce_api/internal/core/models/order_filters.go:79.42,80.34 1 1
github.com/mlgaray/ecommerce_api/internal/core/models/order_filters.go:80.34,84.4 1 1
github.com/mlgaray/ecommerce_api/internal/core/models/order_filters.go:86.2,86.12 1 1
github.com/mlgaray/ecommerce_api/internal/core/models/order_filters.go:90.47,91.21 1 1
github.com/mlgaray/ecommerce_api/internal/core/models/order_filters.go:91.21,99.32 2 1
github.com/mlgaray/ecommerce_api/internal/core/models/order_filters.go:99.32,103.4 1 1
github.com/mlgaray/ecommerce_api/internal/core/models/order_filters.go:105.2,105.12 1 1
github.com/mlgaray/ecommerce_api/internal/core/models/order_filters.go:113.69,116.28 2 1
github.com/mlgaray/ecommerce_api/internal/core/models/order_filters.go:116.28,120.3 3 1
github.com/mlgaray/ecommerce_api/internal/core/models/order_filters.go:122.2,122.26 1 1
github.com/mlgaray/ecommerce_api/internal/core/models/order_filters.go:122.26,126.3 3 1
github.com/mlgaray/ecommerce_api/internal/core/models/order_filters.go:128.2,128.15 1 1
github.com/mlgaray/ecommerce_api/internal/core/models/order_filters.go:132.60,141.32 2 1
github.com/mlgaray/ecommerce_api/internal/core/models/order_filters.go:141.32,145.3 1 1
github.com/mlgaray/ecommerce_api/internal/core/models/order_filters.go:148.2,148.20 1 1
github.com/mlgaray/ecommerce_api/internal/core/models/order_filters.go:148.20,150.3 1 1
github.com/mlgaray/ecommerce_api/internal/core/models/order_filters.go:153.2,153.86 1 1
github.com/mlgaray/ecommerce_api/internal/core/models/order_filters.go:153.86,157.3 1 1
github.com/mlgaray/ecommerce_api/internal/core/models/order_filters.go:160.2,160.23 1 1
github.com/mlgaray/ecommerce_api/internal/core/models/order_filters.go:160.23,162.3 1 1
github.com/mlgaray/ecommerce_api/internal/core/models/order_filters.go:164.2,164.12 1 1
github.com/mlgaray/ecommerce_api/internal/core/models/order_item.go:22.39,23.45 1 1
github.com/mlgaray/ecommerce_api/internal/core/models/order_item.go:23.45,25.3 1 1
github.com/mlgaray/ecommerce_api/internal/core/models/order_item.go:27.2,27.22 1 1
github.com/mlgaray/ecommerce_api/internal/core/models/order_item.go:27.22,29.3 1 1
github.com/mlgaray/ecommerce_api/internal/core/models/order_item.go:31.2,31.12 1 1
github.com/mlgaray/ecommerce_api/internal/core/models/pickup_config.go:18.41,19.21 1 1
github.com/mlgaray/ecommerce_api/internal/core/models/pickup_config.go:19.21,23.3 1 1
github.com/mlgaray/ecommerce_api/internal/core/models/pickup_config.go:24.2,24.18 1 1
github.com/mlgaray/ecommerce_api/internal/core/models/pickup_config.go:24.18,28.3 1 1
github.com/mlgaray/ecommerce_api/internal/core/models/pickup_config.go:29.2,29.12 1 1
github.com/mlgaray/ecommerce_api/internal/core/models/product.go:28.31,30.2 1 1
github.com/mlgaray/ecommerce_api/internal/core/models/product.go:34.59,35.16 1 1
github.com/mlgaray/ecommerce_api/internal/core/models/product.go:36.19,37.17 1 1
github.com/mlgaray/ecommerce_api/internal/core/models/product.go:38.18,39.16 1 1
github.com/mlgaray/ecommerce_api/internal/core/models/product.go:40.23,41.21 1 1
github.com/mlgaray/ecommerce_api/internal/core/models/product.go:42.16,43.13 1 1
github.com/mlgaray/ecommerce_api/internal/core/models/product.go:44.10,45.13 1 1
github.com/mlgaray/ecommerce_api/internal/core/models/product.go:50.36,51.50 1 1
github.com/mlgaray/ecommerce_api/internal/core/models/product.go:51.50,53.3 1 1
github.com/mlgaray/ecommerce_api/internal/core/models/product.go:55.2,55.49 1 1
github.com/mlgaray/ecommerce_api/internal/core/models/product.go:55.49,57.3 1 1
github.com/mlgaray/ecommerce_api/internal/core/models/product.go:59.2,59.53 1 1
github.com/mlgaray/ecommerce_api/internal/core/models/product.go:59.53,61.3 1 1
github.com/mlgaray/ecommerce_api/internal/core/models/product.go:63.2,63.12 1 1
github.com/mlgaray/ecommerce_api/internal/core/models/product.go:67.49,69.18 1 1
github.com/mlgaray/ecommerce_api/internal/core/models/product.go:69.18,73.3 1 1
github.com/mlgaray/ecommerce_api/internal/core/models/product.go:76.2,76.17 1 1
github.com/mlgaray/ecommerce_api/internal/core/models/product.go:76.17,80.3 1 1
github.com/mlgaray/ecommerce_api/internal/core/models/product.go:82.2,82.12 1 1
github.com/mlgaray/ecommerce_api/internal/core/models/product.go:86.48,88.21 1 1
github.com/mlgaray/ecommerce_api/internal/core/models/product.go:88.21,90.3 1 1
github.com/mlgaray/ecommerce_api/internal/core/models/product.go:93.2,93.24 1 1
github.com/mlgaray/ecommerce_api/internal/core/models/product.go:93.24,97.3 1 1
github.com/mlgaray/ecommerce_api/internal/core/models/product.go:100.2,100.40 1 1
github.com/mlgaray/ecommerce_api/internal/core/models/product.go:100.40,104.3 1 1
github.com/mlgaray/ecommerce_api/internal/core/models/product.go:107.2,107.45 1 1
github.com/mlgaray/ecommerce_api/internal/core/models/product.go:107.45,111.3 1 1
github.com/mlgaray/ecommerce_api/internal/core/models/product.go:113.2,113.12 1 1
github.com/mlgaray/ecommerce_api/internal/core/models/product.go:117.52,119.48 1 1
github.com/mlgaray/ecommerce_api/internal/core/models/product.go:119.48,123.3 1 1
github.com/mlgaray/ecommerce_api/internal/core/models/product.go:126.2,126.54 1 1
github.com/mlgaray/ecommerce_api/internal/core/models/product.go:126.54,130.3 1 1
github.com/mlgaray/ecommerce_api/internal/core/models/product.go:132.2,132.12 1 1
github.com/mlgaray/ecommerce_api/internal/core/models/product.go:137.36,138.17 1 1
github.com/mlgaray/ecommerce_api/internal/core/models/product.go:138.17,140.3 1 1
github.com/mlgaray/ecommerce_api/internal/core/models/product.go:142.2,142.21 1 1
github.com/mlgaray/ecommerce_api/internal/core/models/product.go:142.21,144.3 1 1
github.com/mlgaray/ecommerce_api/internal/core/models/product.go:145.2,145.20 1 1
github.com/mlgaray/ecommerce_api/internal/core/models/product.go:150.37,151.21 1 1
github.com/mlgaray/ecommerce_api/internal/core/models/product.go:151.21,153.3 1 1
github.com/mlgaray/ecommerce_api/internal/core/models/product.go:154.2,154.34 1 1
github.com/mlgaray/ecommerce_api/internal/core/models/product.go:158.47,159.21 1 1
github.com/mlgaray/ecommerce_api/internal/core/models/product.go:159.21,161.3 1 1
github.com/mlgaray/ecommerce_api/internal/core/models/product.go:162.2,162.16 1 1
github.com/mlgaray/ecommerce_api/internal/core/models/product.go:167.54,169.21 1 1
github.com/mlgaray/ecommerce_api/internal/core/models/product.go:169.21,171.3 1 1
github.com/mlgaray/ecommerce_api/internal/core/models/product.go:173.2,173.19 1 1
github.com/mlgaray/ecommerce_api/internal/core/models/product.go:173.19,177.3 1 1
github.com/mlgaray/ecommerce_api/internal/core/models/product.go:179.2,179.24 1 1
github.com/mlgaray/ecommerce_api/internal/core/models/product.go:179.24,183.3 1 1
github.com/mlgaray/ecommerce_api/internal/core/models/product.go:185.2,186.12 2 1
github.com/mlgaray/ecommerce_api/internal/core/models/product.go:191.54,193.21 1 1
github.com/mlgaray/ecommerce_api/internal/core/models/product.go:193.21,195.3 1 1
github.com/mlgaray/ecommerce_api/internal/core/models/product.go:197.2,197.19 1 1
github.com/mlgaray/ecommerce_api/internal/core/models/product.go:197.19,201.3 1 1
github.com/mlgaray/ecommerce_api/internal/core/models/product.go:203.2,204.12 2 1
github.com/mlgaray/ecommerce_api/internal/core/models/product.go:209.57,210.21 1 1
github.com/mlgaray/ecommerce_api/internal/core/models/product.go:210.21,212.3 1 1
github.com/mlgaray/ecommerce_api/internal/core/models/product.go:213.2,213.28 1 1
github.com/mlgaray/ecommerce_api/internal/core/models/product.go:219.55,220.18 1 1
github.com/mlgaray/ecommerce_api/internal/core/models/product.go:220.18,222.3 1 1
github.com/mlgaray/ecommerce_api/internal/core/models/product.go:223.2,226.47 1 1
github.com/mlgaray/ecommerce_api/internal/core/models/product.go:231.75,232.38 1 1
github.com/mlgaray/ecommerce_api/internal/core/models/product.go:232.38,235.23 2 1
github.com/mlgaray/ecommerce_api/internal/core/models/product.go:235.23,237.4 1 1
github.com/mlgaray/ecommerce_api/internal/core/models/product.go:239.3,239.32 1 1
github.com/mlgaray/ecommerce_api/internal/core/models/product.go:239.32,241.4 1 1
github.com/mlgaray/ecommerce_api/internal/core/models/product.go:243.3,243.50 1 1
github.com/mlgaray/ecommerce_api/internal/core/models/product.go:243.50,245.4 1 1
github.com/mlgaray/ecommerce_api/internal/core/models/product.go:247.2,247.13 1 1
github.com/mlgaray/ecommerce_api/internal/core/models/product.go:251.52,252.31 1 1
github.com/mlgaray/ecommerce_api/internal/core/models/product.go:252.31,253.17 1 1
github.com/mlgaray/ecommerce_api/internal/core/models/product.go:253.17,255.4 1 1
github.com/mlgaray/ecommerce_api/internal/core/models/product.go:257.2,257.12 1 1
github.com/mlgaray/ecommerce_api/internal/core/models/product_filters.go:39.61,44.52 3 1
github.com/mlgaray/ecommerce_api/internal/core/models/product_filters.go:44.52,46.3 1 1
github.com/mlgaray/ecommerce_api/internal/core/models/product_filters.go:48.2,48.61 1 1
github.com/mlgaray/ecommerce_api/internal/core/models/product_filters.go:48.61,50.3 1 1
github.com/mlgaray/ecommerce_api/internal/core/models/product_filters.go:52.2,52.20 1 1
github.com/mlgaray/ecommerce_api/internal/core/models/product_filters.go:56.43,57.18 1 1
github.com/mlgaray/ecommerce_api/internal/core/models/product_filters.go:57.18,59.3 1 1
github.com/mlgaray/ecommerce_api/internal/core/models/product_filters.go:60.2,60.24 1 1
github.com/mlgaray/ecommerce_api/internal/core/models/product_filters.go:60.24,62.3 1 1
github.com/mlgaray/ecommerce_api/internal/core/models/product_filters.go:66.53,67.42 1 1
github.com/mlgaray/ecommerce_api/internal/core/models/product_filters.go:67.42,71.3 1 1
github.com/mlgaray/ecommerce_api/internal/core/models/product_filters.go:73.2,73.42 1 1
github.com/mlgaray/ecommerce_api/internal/core/models/product_filters.go:73.42,77.3 1 1
github.com/mlgaray/ecommerce_api/internal/core/models/product_filters.go:79.2,79.73 1 1
github.com/mlgaray/ecommerce_api/internal/core/models/product_filters.go:79.73,83.3 1 1
github.com/mlgaray/ecommerce_api/internal/core/models/product_filters.go:85.2,85.12 1 1
github.com/mlgaray/ecommerce_api/internal/core/models/product_filters.go:89.62,98.32 2 1
github.com/mlgaray/ecommerce_api/internal/core/models/product_filters.go:98.32,102.3 1 1
github.com/mlgaray/ecommerce_api/internal/core/models/product_filters.go:105.2,105.20 1 1
github.com/mlgaray/ecommerce_api/internal/core/models/product_filters.go:105.20,107.3 1 1
github.com/mlgaray/ecommerce_api/internal/core/models/product_filters.go:110.2,110.86 1 1
github.com/mlgaray/ecommerce_api/internal/core/models/product_filters.go:110.86,114.3 1 1
github.com/mlgaray/ecommerce_api/internal/core/models/product_filters.go:117.2,117.23 1 1
github.com/mlgaray/ecommerce_api/internal/core/models/product_filters.go:117.23,119.3 1 1
github.com/mlgaray/ecommerce_api/internal/core/models/product_filters.go:121.2,121.12 1 1
github.com/mlgaray/ecommerce_api/internal/core/models/shop.go:30.33,31.52 1 1
github.com/mlgaray/ecommerce_api/internal/core/models/shop.go:31.52,32.50 1 1
github.com/mlgaray/ecommerce_api/internal/core/models/shop.go:32.50,34.4 1 1
github.com/mlgaray/ecommerce_api/internal/core/models/shop.go:36.2,36.12 1 1
github.com/mlgaray/ecommerce_api/internal/core/models/staff.go:24.29,26.2 1 1
github.com/mlgaray/ecommerce_api/internal/core/models/staff.go:29.57,30.16 1 1
github.com/mlgaray/ecommerce_api/internal/core/models/staff.go:31.23,32.20 1 1
github.com/mlgaray/ecommerce_api/internal/core/models/staff.go:32.20,34.4 1 1
github.com/mlgaray/ecommerce_api/internal/core/models/staff.go:35.3,35.12 1 1
github.com/mlgaray/ecommerce_api/internal/core/models/staff.go:36.23,37.21 1 1
github.com/mlgaray/ecommerce_api/internal/core/models/staff.go:38.10,39.14 1 1
github.com/mlgaray/ecommerce_api/internal/core/models/staff.go:66.57,71.61 3 1
github.com/mlgaray/ecommerce_api/internal/core/models/staff.go:71.61,73.3 1 1
github.com/mlgaray/ecommerce_api/internal/core/models/staff.go:75.2,75.20 1 1
github.com/mlgaray/ecommerce_api/internal/core/models/staff.go:78.41,79.18 1 1
github.com/mlgaray/ecommerce_api/internal/core/models/staff.go:79.18,81.3 1 1
github.com/mlgaray/ecommerce_api/internal/core/models/staff.go:82.2,82.24 1 1
github.com/mlgaray/ecommerce_api/internal/core/models/staff.go:82.24,84.3 1 1
github.com/mlgaray/ecommerce_api/internal/core/models/staff.go:87.60,94.32 2 1
github.com/mlgaray/ecommerce_api/internal/core/models/staff.go:94.32,98.3 1 1
github.com/mlgaray/ecommerce_api/internal/core/models/staff.go:100.2,100.20 1 1
github.com/mlgaray/ecommerce_api/internal/core/models/staff.go:100.20,102.3 1 1
github.com/mlgaray/ecommerce_api/internal/core/models/staff.go:104.2,104.86 1 1
github.com/mlgaray/ecommerce_api/internal/core/models/staff.go:104.86,108.3 1 1
github.com/mlgaray/ecommerce_api/internal/core/models/staff.go:110.2,110.23 1 1
github.com/mlgaray/ecommerce_api/internal/core/models/staff.go:110.23,112.3 1 1
github.com/mlgaray/ecommerce_api/internal/core/models/staff.go:114.2,114.12 1 1
github.com/mlgaray/ecommerce_api/internal/core/models/store.go:25.42,26.17 1 1
github.com/mlgaray/ecommerce_api/internal/core/models/store.go:26.17,28.3 1 1
github.com/mlgaray/ecommerce_api/internal/core/models/store.go:30.2,48.14 3 1
github.com/mlgaray/ecommerce_api/internal/core/models/store.go:54.53,55.54 1 1
github.com/mlgaray/ecommerce_api/internal/core/models/store.go:55.54,57.3 1 1
github.com/mlgaray/ecommerce_api/internal/core/models/store.go:59.2,59.36 1 1
github.com/mlgaray/ecommerce_api/internal/core/models/store.go:59.36,61.3 1 1
github.com/mlgaray/ecommerce_api/internal/core/models/store.go:64.2,65.16 2 1
github.com/mlgaray/ecommerce_api/internal/core/models/store.go:65.16,67.3 1 1
github.com/mlgaray/ecommerce_api/internal/core/models/store.go:70.2,74.48 3 1
github.com/mlgaray/ecommerce_api/internal/core/models/store.go:74.48,75.79 1 1
github.com/mlgaray/ecommerce_api/internal/core/models/store.go:75.79,77.4 1 1
github.com/mlgaray/ecommerce_api/internal/core/models/store.go:80.2,80.14 1 1
github.com/mlgaray/ecommerce_api/internal/core/models/transfer_config.go:17.43,18.17 1 1
github.com/mlgaray/ecommerce_api/internal/core/models/transfer_config.go:18.17,22.3 1 1
github.com/mlgaray/ecommerce_api/internal/core/models/transfer_config.go:23.2,23.22 1 1
github.com/mlgaray/ecommerce_api/internal/core/models/transfer_config.go:23.22,27.3 1 1
github.com/mlgaray/ecommerce_api/internal/core/models/transfer_config.go:28.2,28.18 1 1
github.com/mlgaray/ecommerce_api/internal/core/models/transfer_config.go:28.18,32.3 1 1
github.com/mlgaray/ecommerce_api/internal/core/models/transfer_config.go:33.2,33.23 1 1
github.com/mlgaray/ecommerce_api/internal/core/models/transfer_config.go:33.23,37.3 1 1
github.com/mlgaray/ecommerce_api/internal/core/models/transfer_config.go:38.2,38.12 1 1
github.com/mlgaray/ecommerce_api/internal/core/models/variant.go:23.72,24.37 1 1
github.com/mlgaray/ecommerce_api/internal/core/models/variant.go:24.37,27.22 2 1
github.com/mlgaray/ecommerce_api/internal/core/models/variant.go:27.22,29.4 1 1
github.com/mlgaray/ecommerce_api/internal/core/models/variant.go:31.3,31.61 1 1
github.com/mlgaray/ecommerce_api/internal/core/models/variant.go:31.61,33.4 1 1
github.com/mlgaray/ecommerce_api/internal/core/models/variant.go:35.2,35.13 1 1
github.com/mlgaray/ecommerce_api/internal/core/models/variant.go:39.50,40.30 1 1
github.com/mlgaray/ecommerce_api/internal/core/models/variant.go:40.30,41.17 1 1
github.com/mlgaray/ecommerce_api/internal/core/models/variant.go:41.17,43.4 1 1
github.com/mlgaray/ecommerce_api/internal/core/models/variant.go:45.2,45.12 1 1
