mode: set
github.com/mlgaray/ecommerce_api/internal/application/services/category_service.go:19.120,24.2 1 1
github.com/mlgaray/ecommerce_api/internal/application/services/category_service.go:29.140,31.26 1 1
github.com/mlgaray/ecommerce_api/internal/application/services/category_service.go:31.26,34.17 3 1
github.com/mlgaray/ecommerce_api/internal/application/services/category_service.go:34.17,36.4 1 1
github.com/mlgaray/ecommerce_api/internal/application/services/category_service.go:37.3,40.4 1 1
github.com/mlgaray/ecommerce_api/internal/application/services/category_service.go:44.2,45.16 2 1
github.com/mlgaray/ecommerce_api/internal/application/services/category_service.go:45.16,47.63 1 1
github.com/mlgaray/ecommerce_api/internal/application/services/category_service.go:47.63,49.4 1 1
github.com/mlgaray/ecommerce_api/internal/application/services/category_service.go:50.3,50.18 1 1
github.com/mlgaray/ecommerce_api/internal/application/services/category_service.go:53.2,53.21 1 1
github.com/mlgaray/ecommerce_api/internal/application/services/category_service.go:59.146,61.2 1 1
github.com/mlgaray/ecommerce_api/internal/application/services/category_service.go:64.130,66.2 1 1
github.com/mlgaray/ecommerce_api/internal/application/services/category_service.go:70.98,72.2 1 1
github.com/mlgaray/ecommerce_api/internal/application/services/category_service.go:77.139,79.29 1 1
github.com/mlgaray/ecommerce_api/internal/application/services/category_service.go:79.29,82.17 3 1
github.com/mlgaray/ecommerce_api/internal/application/services/category_service.go:82.17,84.4 1 1
github.com/mlgaray/ecommerce_api/internal/application/services/category_service.go:86.3,90.4 1 1
github.com/mlgaray/ecommerce_api/internal/application/services/category_service.go:94.2,95.16 2 1
github.com/mlgaray/ecommerce_api/internal/application/services/category_service.go:95.16,97.89 1 1
github.com/mlgaray/ecommerce_api/internal/application/services/category_service.go:97.89,99.4 1 1
github.com/mlgaray/ecommerce_api/internal/application/services/category_service.go:100.3,100.13 1 1
github.com/mlgaray/ecommerce_api/internal/application/services/category_service.go:104.2,104.22 1 1
github.com/mlgaray/ecommerce_api/internal/application/services/category_service.go:104.22,106.3 1 1
github.com/mlgaray/ecommerce_api/internal/application/services/category_service.go:108.2,108.12 1 1
github.com/mlgaray/ecommerce_api/internal/application/services/category_service.go:115.85,118.16 2 1
github.com/mlgaray/ecommerce_api/internal/application/services/category_service.go:118.16,120.3 1 1
github.com/mlgaray/ecommerce_api/internal/application/services/category_service.go:123.2,123.22 1 1
github.com/mlgaray/ecommerce_api/internal/application/services/category_service.go:123.22,125.3 1 1
github.com/mlgaray/ecommerce_api/internal/application/services/category_service.go:127.2,127.12 1 1
github.com/mlgaray/ecommerce_api/internal/application/services/coupon_service.go:18.79,22.2 1 1
github.com/mlgaray/ecommerce_api/internal/application/services/coupon_service.go:26.112,29.42 2 1
github.com/mlgaray/ecommerce_api/internal/application/services/coupon_service.go:29.42,31.3 1 1
github.com/mlgaray/ecommerce_api/internal/application/services/coupon_service.go:33.2,33.47 1 1
github.com/mlgaray/ecommerce_api/internal/application/services/coupon_service.go:38.104,42.42 3 1
github.com/mlgaray/ecommerce_api/internal/application/services/coupon_service.go:42.42,44.3 1 1
github.com/mlgaray/ecommerce_api/internal/application/services/coupon_service.go:46.2,46.47 1 1
github.com/mlgaray/ecommerce_api/internal/application/services/coupon_service.go:50.81,52.2 1 1
github.com/mlgaray/ecommerce_api/internal/application/services/coupon_service.go:55.100,57.2 1 1
github.com/mlgaray/ecommerce_api/internal/application/services/coupon_service.go:60.140,62.2 1 0
github.com/mlgaray/ecommerce_api/internal/application/services/coupon_service.go:65.126,67.2 1 0
github.com/mlgaray/ecommerce_api/internal/application/services/coupon_service.go:71.148,75.16 3 1
github.com/mlgaray/ecommerce_api/internal/application/services/coupon_service.go:75.16,77.3 1 1
github.com/mlgaray/ecommerce_api/internal/application/services/coupon_service.go:80.2,80.22 1 1
github.com/mlgaray/ecommerce_api/internal/application/services/coupon_service.go:80.22,82.3 1 1
github.com/mlgaray/ecommerce_api/internal/application/services/coupon_service.go:85.2,85.71 1 1
github.com/mlgaray/ecommerce_api/internal/application/services/coupon_service.go:85.71,87.3 1 1
github.com/mlgaray/ecommerce_api/internal/application/services/coupon_service.go:90.2,90.67 1 1
github.com/mlgaray/ecommerce_api/internal/application/services/coupon_service.go:90.67,92.3 1 1
github.com/mlgaray/ecommerce_api/internal/application/services/coupon_service.go:95.2,95.66 1 1
github.com/mlgaray/ecommerce_api/internal/application/services/coupon_service.go:95.66,97.3 1 1
github.com/mlgaray/ecommerce_api/internal/application/services/coupon_service.go:100.2,102.20 2 1
github.com/mlgaray/ecommerce_api/internal/application/services/coupon_service.go:106.94,107.61 1 1
github.com/mlgaray/ecommerce_api/internal/application/services/coupon_service.go:107.61,109.3 1 1
github.com/mlgaray/ecommerce_api/internal/application/services/coupon_service.go:110.2,110.60 1 1
github.com/mlgaray/ecommerce_api/internal/application/services/coupon_service.go:110.60,112.3 1 1
github.com/mlgaray/ecommerce_api/internal/application/services/coupon_service.go:113.2,113.12 1 1
github.com/mlgaray/ecommerce_api/internal/application/services/coupon_service.go:117.109,118.30 1 1
github.com/mlgaray/ecommerce_api/internal/application/services/coupon_service.go:118.30,120.17 2 1
github.com/mlgaray/ecommerce_api/internal/application/services/coupon_service.go:120.17,122.4 1 1
github.com/mlgaray/ecommerce_api/internal/application/services/coupon_service.go:123.3,123.34 1 1
github.com/mlgaray/ecommerce_api/internal/application/services/coupon_service.go:123.34,125.4 1 1
github.com/mlgaray/ecommerce_api/internal/application/services/coupon_service.go:128.2,128.50 1 1
github.com/mlgaray/ecommerce_api/internal/application/services/coupon_service.go:128.50,130.17 2 1
github.com/mlgaray/ecommerce_api/internal/application/services/coupon_service.go:130.17,132.4 1 1
github.com/mlgaray/ecommerce_api/internal/application/services/coupon_service.go:133.3,133.39 1 1
github.com/mlgaray/ecommerce_api/internal/application/services/coupon_service.go:133.39,135.4 1 1
github.com/mlgaray/ecommerce_api/internal/application/services/coupon_service.go:138.2,138.12 1 1
github.com/mlgaray/ecommerce_api/internal/application/services/metrics_service.go:18.83,22.2 1 1
github.com/mlgaray/ecommerce_api/internal/application/services/metrics_service.go:26.132,78.15 9 1
github.com/mlgaray/ecommerce_api/internal/application/services/metrics_service.go:78.15,80.3 1 1
github.com/mlgaray/ecommerce_api/internal/application/services/metrics_service.go:81.2,81.15 1 1
github.com/mlgaray/ecommerce_api/internal/application/services/metrics_service.go:81.15,83.3 1 1
github.com/mlgaray/ecommerce_api/internal/application/services/metrics_service.go:84.2,84.15 1 1
github.com/mlgaray/ecommerce_api/internal/application/services/metrics_service.go:84.15,86.3 1 1
github.com/mlgaray/ecommerce_api/internal/application/services/metrics_service.go:87.2,87.15 1 1
github.com/mlgaray/ecommerce_api/internal/application/services/metrics_service.go:87.15,89.3 1 1
github.com/mlgaray/ecommerce_api/internal/application/services/metrics_service.go:90.2,90.15 1 1
github.com/mlgaray/ecommerce_api/internal/application/services/metrics_service.go:90.15,92.3 1 1
github.com/mlgaray/ecommerce_api/internal/application/services/metrics_service.go:93.2,93.15 1 1
github.com/mlgaray/ecommerce_api/internal/application/services/metrics_service.go:93.15,95.3 1 1
github.com/mlgaray/ecommerce_api/internal/application/services/metrics_service.go:96.2,96.15 1 1
github.com/mlgaray/ecommerce_api/internal/application/services/metrics_service.go:96.15,98.3 1 1
github.com/mlgaray/ecommerce_api/internal/application/services/metrics_service.go:99.2,99.15 1 1
github.com/mlgaray/ecommerce_api/internal/application/services/metrics_service.go:99.15,101.3 1 1
github.com/mlgaray/ecommerce_api/internal/application/services/metrics_service.go:103.2,106.126 2 1
github.com/mlgaray/ecommerce_api/internal/application/services/metrics_service.go:106.126,107.17 1 1
github.com/mlgaray/ecommerce_api/internal/application/services/metrics_service.go:107.17,109.4 1 1
github.com/mlgaray/ecommerce_api/internal/application/services/metrics_service.go:113.2,113.37 1 1
github.com/mlgaray/ecommerce_api/internal/application/services/metrics_service.go:113.37,115.3 1 1
github.com/mlgaray/ecommerce_api/internal/application/services/metrics_service.go:118.2,139.34 3 1
github.com/mlgaray/ecommerce_api/internal/application/services/metrics_service.go:139.34,141.3 1 1
github.com/mlgaray/ecommerce_api/internal/application/services/metrics_service.go:142.2,142.42 1 1
github.com/mlgaray/ecommerce_api/internal/application/services/metrics_service.go:142.42,144.3 1 1
github.com/mlgaray/ecommerce_api/internal/application/services/metrics_service.go:145.2,145.43 1 1
github.com/mlgaray/ecommerce_api/internal/application/services/metrics_service.go:145.43,147.3 1 1
github.com/mlgaray/ecommerce_api/internal/application/services/metrics_service.go:149.2,149.23 1 1
github.com/mlgaray/ecommerce_api/internal/application/services/metrics_service.go:153.142,155.16 2 1
github.com/mlgaray/ecommerce_api/internal/application/services/metrics_service.go:155.16,157.3 1 1
github.com/mlgaray/ecommerce_api/internal/application/services/metrics_service.go:158.2,158.18 1 1
github.com/mlgaray/ecommerce_api/internal/application/services/metrics_service.go:158.18,160.3 1 1
github.com/mlgaray/ecommerce_api/internal/application/services/metrics_service.go:161.2,161.19 1 1
github.com/mlgaray/ecommerce_api/internal/application/services/metrics_service.go:165.149,167.16 2 1
github.com/mlgaray/ecommerce_api/internal/application/services/metrics_service.go:167.16,169.3 1 1
github.com/mlgaray/ecommerce_api/internal/application/services/metrics_service.go:170.2,170.21 1 1
github.com/mlgaray/ecommerce_api/internal/application/services/metrics_service.go:170.21,172.3 1 1
github.com/mlgaray/ecommerce_api/internal/application/services/metrics_service.go:173.2,173.22 1 1
github.com/mlgaray/ecommerce_api/internal/application/services/metrics_service.go:177.136,179.16 2 1
github.com/mlgaray/ecommerce_api/internal/application/services/metrics_service.go:179.16,181.3 1 1
github.com/mlgaray/ecommerce_api/internal/application/services/metrics_service.go:182.2,182.22 1 1
github.com/mlgaray/ecommerce_api/internal/application/services/metrics_service.go:182.22,184.3 1 1
github.com/mlgaray/ecommerce_api/internal/application/services/metrics_service.go:185.2,185.23 1 1
github.com/mlgaray/ecommerce_api/internal/application/services/metrics_service.go:189.130,191.2 1 0
github.com/mlgaray/ecommerce_api/internal/application/services/metrics_service.go:194.140,196.16 2 1
github.com/mlgaray/ecommerce_api/internal/application/services/metrics_service.go:196.16,198.3 1 1
github.com/mlgaray/ecommerce_api/internal/application/services/metrics_service.go:199.2,199.18 1 1
github.com/mlgaray/ecommerce_api/internal/application/services/metrics_service.go:199.18,201.3 1 1
github.com/mlgaray/ecommerce_api/internal/application/services/metrics_service.go:202.2,202.19 1 1
github.com/mlgaray/ecommerce_api/internal/application/services/metrics_service.go:208.56,214.2 5 1
github.com/mlgaray/ecommerce_api/internal/application/services/metrics_service.go:217.62,223.2 5 1
github.com/mlgaray/ecommerce_api/internal/application/services/metrics_service.go:226.59,234.18 5 1
github.com/mlgaray/ecommerce_api/internal/application/services/metrics_service.go:234.18,236.3 1 1
github.com/mlgaray/ecommerce_api/internal/application/services/metrics_service.go:237.2,238.20 2 1
github.com/mlgaray/ecommerce_api/internal/application/services/metrics_service.go:242.63,248.18 5 1
github.com/mlgaray/ecommerce_api/internal/application/services/metrics_service.go:248.18,250.3 1 1
github.com/mlgaray/ecommerce_api/internal/application/services/metrics_service.go:251.2,253.31 3 1
github.com/mlgaray/ecommerce_api/internal/application/services/metrics_service.go:257.60,262.2 4 1
github.com/mlgaray/ecommerce_api/internal/application/services/metrics_service.go:265.64,271.2 5 1
github.com/mlgaray/ecommerce_api/internal/application/services/metrics_service.go:276.94,284.2 1 1
github.com/mlgaray/ecommerce_api/internal/application/services/metrics_service.go:287.81,293.2 1 1
github.com/mlgaray/ecommerce_api/internal/application/services/metrics_service.go:297.55,298.19 1 1
github.com/mlgaray/ecommerce_api/internal/application/services/metrics_service.go:298.19,299.18 1 1
github.com/mlgaray/ecommerce_api/internal/application/services/metrics_service.go:299.18,301.4 1 1
github.com/mlgaray/ecommerce_api/internal/application/services/metrics_service.go:302.3,302.11 1 1
github.com/mlgaray/ecommerce_api/internal/application/services/metrics_service.go:304.2,304.48 1 1
github.com/mlgaray/ecommerce_api/internal/application/services/metrics_service.go:308.115,309.23 1 1
github.com/mlgaray/ecommerce_api/internal/application/services/metrics_service.go:309.23,311.3 1 1
github.com/mlgaray/ecommerce_api/internal/application/services/metrics_service.go:313.2,314.31 2 1
github.com/mlgaray/ecommerce_api/internal/application/services/metrics_service.go:314.31,316.30 2 1
github.com/mlgaray/ecommerce_api/internal/application/services/metrics_service.go:316.30,318.4 1 1
github.com/mlgaray/ecommerce_api/internal/application/services/metrics_service.go:321.2,322.15 2 1
github.com/mlgaray/ecommerce_api/internal/application/services/metrics_service.go:322.15,324.3 1 1
github.com/mlgaray/ecommerce_api/internal/application/services/metrics_service.go:326.2,331.3 1 1
github.com/mlgaray/ecommerce_api/internal/application/services/metrics_service.go:335.97,336.28 1 1
github.com/mlgaray/ecommerce_api/internal/application/services/metrics_service.go:336.28,338.3 1 1
github.com/mlgaray/ecommerce_api/internal/application/services/metrics_service.go:340.2,341.33 2 1
github.com/mlgaray/ecommerce_api/internal/application/services/metrics_service.go:341.33,343.3 1 1
github.com/mlgaray/ecommerce_api/internal/application/services/metrics_service.go:345.2,345.16 1 1
github.com/mlgaray/ecommerce_api/internal/application/services/metrics_service.go:345.16,347.3 1 1
github.com/mlgaray/ecommerce_api/internal/application/services/metrics_service.go:349.2,349.30 1 1
github.com/mlgaray/ecommerce_api/internal/application/services/metrics_service.go:349.30,351.3 1 1
github.com/mlgaray/ecommerce_api/internal/application/services/metrics_service.go:353.2,353.21 1 1
github.com/mlgaray/ecommerce_api/internal/application/services/order_service.go:14.41,16.2 1 1
github.com/mlgaray/ecommerce_api/internal/application/services/order_service.go:24.75,28.2 1 1
github.com/mlgaray/ecommerce_api/internal/application/services/order_service.go:36.117,48.60 3 1
github.com/mlgaray/ecommerce_api/internal/application/services/order_service.go:48.60,50.3 1 1
github.com/mlgaray/ecommerce_api/internal/application/services/order_service.go:53.2,53.41 1 1
github.com/mlgaray/ecommerce_api/internal/application/services/order_service.go:53.41,55.3 1 1
github.com/mlgaray/ecommerce_api/internal/application/services/order_service.go:58.2,58.45 1 1
github.com/mlgaray/ecommerce_api/internal/application/services/order_service.go:63.137,65.2 1 1
github.com/mlgaray/ecommerce_api/internal/application/services/order_service.go:69.124,71.2 1 1
github.com/mlgaray/ecommerce_api/internal/application/services/order_service.go:75.101,77.2 1 1
github.com/mlgaray/ecommerce_api/internal/application/services/order_service.go:81.127,84.54 2 1
github.com/mlgaray/ecommerce_api/internal/application/services/order_service.go:84.54,86.3 1 1
github.com/mlgaray/ecommerce_api/internal/application/services/order_service.go:88.2,88.88 1 1
github.com/mlgaray/ecommerce_api/internal/application/services/order_service.go:94.91,96.2 1 1
github.com/mlgaray/ecommerce_api/internal/application/services/order_service.go:101.78,104.35 2 1
github.com/mlgaray/ecommerce_api/internal/application/services/order_service.go:104.35,107.3 2 1
github.com/mlgaray/ecommerce_api/internal/application/services/order_service.go:108.2,111.54 2 1
github.com/mlgaray/ecommerce_api/internal/application/services/order_service.go:111.54,113.3 1 1
github.com/mlgaray/ecommerce_api/internal/application/services/order_service.go:116.2,119.48 2 1
github.com/mlgaray/ecommerce_api/internal/application/services/order_service.go:119.48,121.3 1 1
github.com/mlgaray/ecommerce_api/internal/application/services/order_service.go:123.2,123.12 1 1
github.com/mlgaray/ecommerce_api/internal/application/services/pagination_service.go:18.28,20.2 1 1
github.com/mlgaray/ecommerce_api/internal/application/services/pagination_service.go:51.55,53.21 1 1
github.com/mlgaray/ecommerce_api/internal/application/services/pagination_service.go:53.21,55.3 1 1
github.com/mlgaray/ecommerce_api/internal/application/services/pagination_service.go:58.2,65.13 4 1
github.com/mlgaray/ecommerce_api/internal/application/services/pagination_service.go:65.13,67.3 1 1
github.com/mlgaray/ecommerce_api/internal/application/services/pagination_service.go:70.2,72.42 2 1
github.com/mlgaray/ecommerce_api/internal/application/services/pagination_service.go:79.72,81.2 1 1
github.com/mlgaray/ecommerce_api/internal/application/services/pagination_service.go:91.87,92.26 1 1
github.com/mlgaray/ecommerce_api/internal/application/services/pagination_service.go:92.26,95.3 1 1
github.com/mlgaray/ecommerce_api/internal/application/services/pagination_service.go:97.2,97.28 1 1
github.com/mlgaray/ecommerce_api/internal/application/services/pagination_service.go:102.74,114.16 4 1
github.com/mlgaray/ecommerce_api/internal/application/services/pagination_service.go:114.16,117.3 1 0
github.com/mlgaray/ecommerce_api/internal/application/services/pagination_service.go:119.2,119.16 1 1
github.com/mlgaray/ecommerce_api/internal/application/services/pagination_service.go:124.82,125.13 1 1
github.com/mlgaray/ecommerce_api/internal/application/services/pagination_service.go:125.13,128.3 1 1
github.com/mlgaray/ecommerce_api/internal/application/services/pagination_service.go:130.2,130.14 1 1
github.com/mlgaray/ecommerce_api/internal/application/services/permission_service.go:17.83,24.2 4 1
github.com/mlgaray/ecommerce_api/internal/application/services/permission_service.go:28.95,31.6 3 1
github.com/mlgaray/ecommerce_api/internal/application/services/permission_service.go:31.6,32.10 1 1
github.com/mlgaray/ecommerce_api/internal/application/services/permission_service.go:33.19,34.23 1 1
github.com/mlgaray/ecommerce_api/internal/application/services/permission_service.go:35.21,36.10 1 1
github.com/mlgaray/ecommerce_api/internal/application/services/permission_service.go:41.51,46.16 4 1
github.com/mlgaray/ecommerce_api/internal/application/services/permission_service.go:46.16,50.3 2 1
github.com/mlgaray/ecommerce_api/internal/application/services/permission_service.go:53.2,54.32 2 1
github.com/mlgaray/ecommerce_api/internal/application/services/permission_service.go:54.32,56.27 2 1
github.com/mlgaray/ecommerce_api/internal/application/services/permission_service.go:56.27,58.4 1 1
github.com/mlgaray/ecommerce_api/internal/application/services/permission_service.go:60.2,62.78 2 1
github.com/mlgaray/ecommerce_api/internal/application/services/permission_service.go:67.77,69.9 2 1
github.com/mlgaray/ecommerce_api/internal/application/services/permission_service.go:69.9,71.3 1 1
github.com/mlgaray/ecommerce_api/internal/application/services/permission_service.go:72.2,73.13 2 1
github.com/mlgaray/ecommerce_api/internal/application/services/permission_service.go:73.13,75.3 1 1
github.com/mlgaray/ecommerce_api/internal/application/services/permission_service.go:76.2,77.12 2 1
github.com/mlgaray/ecommerce_api/internal/application/services/permission_service.go:82.70,84.9 2 1
github.com/mlgaray/ecommerce_api/internal/application/services/permission_service.go:84.9,86.3 1 1
github.com/mlgaray/ecommerce_api/internal/application/services/permission_service.go:87.2,88.9 2 1
github.com/mlgaray/ecommerce_api/internal/application/services/permission_service.go:88.9,90.3 1 1
github.com/mlgaray/ecommerce_api/internal/application/services/permission_service.go:91.2,92.23 2 1
github.com/mlgaray/ecommerce_api/internal/application/services/permission_service.go:92.23,94.3 1 1
github.com/mlgaray/ecommerce_api/internal/application/services/permission_service.go:95.2,95.15 1 1
github.com/mlgaray/ecommerce_api/internal/application/services/product_service.go:19.116,24.2 1 1
github.com/mlgaray/ecommerce_api/internal/application/services/product_service.go:27.73,29.2 1 1
github.com/mlgaray/ecommerce_api/internal/application/services/product_service.go:32.92,33.29 1 1
github.com/mlgaray/ecommerce_api/internal/application/services/product_service.go:33.29,34.41 1 0
github.com/mlgaray/ecommerce_api/internal/application/services/product_service.go:34.41,36.4 1 0
github.com/mlgaray/ecommerce_api/internal/application/services/product_service.go:44.143,46.2 1 1
github.com/mlgaray/ecommerce_api/internal/application/services/product_service.go:51.128,53.2 1 1
github.com/mlgaray/ecommerce_api/internal/application/services/product_service.go:58.139,60.51 1 1
github.com/mlgaray/ecommerce_api/internal/application/services/product_service.go:60.51,62.3 1 1
github.com/mlgaray/ecommerce_api/internal/application/services/product_service.go:65.2,65.27 1 1
github.com/mlgaray/ecommerce_api/internal/application/services/product_service.go:65.27,68.17 3 1
github.com/mlgaray/ecommerce_api/internal/application/services/product_service.go:68.17,70.4 1 0
github.com/mlgaray/ecommerce_api/internal/application/services/product_service.go:71.3,71.26 1 1
github.com/mlgaray/ecommerce_api/internal/application/services/product_service.go:75.2,76.16 2 1
github.com/mlgaray/ecommerce_api/internal/application/services/product_service.go:76.16,80.3 2 1
github.com/mlgaray/ecommerce_api/internal/application/services/product_service.go:82.2,82.21 1 1
github.com/mlgaray/ecommerce_api/internal/application/services/product_service.go:87.95,89.2 1 1
github.com/mlgaray/ecommerce_api/internal/application/services/product_service.go:94.138,96.51 1 1
github.com/mlgaray/ecommerce_api/internal/application/services/product_service.go:96.51,98.3 1 1
github.com/mlgaray/ecommerce_api/internal/application/services/product_service.go:101.2,101.30 1 1
github.com/mlgaray/ecommerce_api/internal/application/services/product_service.go:101.30,104.17 3 1
github.com/mlgaray/ecommerce_api/internal/application/services/product_service.go:104.17,106.4 1 0
github.com/mlgaray/ecommerce_api/internal/application/services/product_service.go:108.3,108.56 1 1
github.com/mlgaray/ecommerce_api/internal/application/services/product_service.go:112.2,113.16 2 1
github.com/mlgaray/ecommerce_api/internal/application/services/product_service.go:113.16,115.3 1 1
github.com/mlgaray/ecommerce_api/internal/application/services/product_service.go:118.2,118.34 1 1
github.com/mlgaray/ecommerce_api/internal/application/services/product_service.go:118.34,119.16 1 0
github.com/mlgaray/ecommerce_api/internal/application/services/product_service.go:119.16,121.4 1 0
github.com/mlgaray/ecommerce_api/internal/application/services/product_service.go:124.2,124.12 1 1
github.com/mlgaray/ecommerce_api/internal/application/services/product_service.go:130.83,133.16 2 1
github.com/mlgaray/ecommerce_api/internal/application/services/product_service.go:133.16,135.3 1 1
github.com/mlgaray/ecommerce_api/internal/application/services/product_service.go:139.2,139.34 1 1
github.com/mlgaray/ecommerce_api/internal/application/services/product_service.go:139.34,140.16 1 1
github.com/mlgaray/ecommerce_api/internal/application/services/product_service.go:140.16,141.31 1 1
github.com/mlgaray/ecommerce_api/internal/application/services/product_service.go:141.31,145.5 3 1
github.com/mlgaray/ecommerce_api/internal/application/services/product_service.go:149.2,149.12 1 1
github.com/mlgaray/ecommerce_api/internal/application/services/product_service.go:155.112,157.2 1 1
github.com/mlgaray/ecommerce_api/internal/application/services/shop_service.go:27.104,32.2 1 1
github.com/mlgaray/ecommerce_api/internal/application/services/shop_service.go:36.86,38.2 1 1
github.com/mlgaray/ecommerce_api/internal/application/services/shop_service.go:42.89,44.2 1 1
github.com/mlgaray/ecommerce_api/internal/application/services/shop_service.go:48.117,49.45 1 1
github.com/mlgaray/ecommerce_api/internal/application/services/shop_service.go:49.45,50.35 1 1
github.com/mlgaray/ecommerce_api/internal/application/services/shop_service.go:50.35,51.24 1 1
github.com/mlgaray/ecommerce_api/internal/application/services/shop_service.go:51.24,53.5 1 1
github.com/mlgaray/ecommerce_api/internal/application/services/shop_service.go:54.4,54.22 1 1
github.com/mlgaray/ecommerce_api/internal/application/services/shop_service.go:57.2,57.76 1 1
github.com/mlgaray/ecommerce_api/internal/application/services/shop_service.go:62.120,63.46 1 1
github.com/mlgaray/ecommerce_api/internal/application/services/shop_service.go:63.46,64.36 1 1
github.com/mlgaray/ecommerce_api/internal/application/services/shop_service.go:64.36,65.24 1 1
github.com/mlgaray/ecommerce_api/internal/application/services/shop_service.go:65.24,67.5 1 1
github.com/mlgaray/ecommerce_api/internal/application/services/shop_service.go:68.4,68.22 1 1
github.com/mlgaray/ecommerce_api/internal/application/services/shop_service.go:71.2,71.77 1 1
github.com/mlgaray/ecommerce_api/internal/application/services/shop_service.go:78.123,80.48 1 1
github.com/mlgaray/ecommerce_api/internal/application/services/shop_service.go:80.48,81.24 1 1
github.com/mlgaray/ecommerce_api/internal/application/services/shop_service.go:81.24,83.4 1 1
github.com/mlgaray/ecommerce_api/internal/application/services/shop_service.go:84.3,84.13 1 1
github.com/mlgaray/ecommerce_api/internal/application/services/shop_service.go:88.2,88.77 1 1
github.com/mlgaray/ecommerce_api/internal/application/services/shop_service.go:88.77,89.56 1 1
github.com/mlgaray/ecommerce_api/internal/application/services/shop_service.go:89.56,91.4 1 1
github.com/mlgaray/ecommerce_api/internal/application/services/shop_service.go:92.3,92.13 1 1
github.com/mlgaray/ecommerce_api/internal/application/services/shop_service.go:96.2,96.35 1 1
github.com/mlgaray/ecommerce_api/internal/application/services/shop_service.go:96.35,97.26 1 1
github.com/mlgaray/ecommerce_api/internal/application/services/shop_service.go:97.26,99.4 1 1
github.com/mlgaray/ecommerce_api/internal/application/services/shop_service.go:101.3,102.18 2 1
github.com/mlgaray/ecommerce_api/internal/application/services/shop_service.go:102.18,104.4 1 1
github.com/mlgaray/ecommerce_api/internal/application/services/shop_service.go:106.3,106.33 1 1
github.com/mlgaray/ecommerce_api/internal/application/services/shop_service.go:106.33,108.4 1 1
github.com/mlgaray/ecommerce_api/internal/application/services/shop_service.go:109.3,109.13 1 1
github.com/mlgaray/ecommerce_api/internal/application/services/shop_service.go:113.2,113.23 1 1
github.com/mlgaray/ecommerce_api/internal/application/services/shop_service.go:113.23,115.3 1 1
github.com/mlgaray/ecommerce_api/internal/application/services/shop_service.go:117.2,117.12 1 1
github.com/mlgaray/ecommerce_api/internal/application/services/shop_service.go:121.99,122.29 1 1
github.com/mlgaray/ecommerce_api/internal/application/services/shop_service.go:122.29,123.20 1 1
github.com/mlgaray/ecommerce_api/internal/application/services/shop_service.go:123.20,125.4 1 1
github.com/mlgaray/ecommerce_api/internal/application/services/shop_service.go:127.2,127.12 1 1
github.com/mlgaray/ecommerce_api/internal/application/services/shop_service.go:132.61,134.40 1 1
github.com/mlgaray/ecommerce_api/internal/application/services/shop_service.go:134.40,136.3 1 1
github.com/mlgaray/ecommerce_api/internal/application/services/shop_service.go:139.2,139.41 1 1
github.com/mlgaray/ecommerce_api/internal/application/services/shop_service.go:139.41,140.46 1 1
github.com/mlgaray/ecommerce_api/internal/application/services/shop_service.go:140.46,141.55 1 1
github.com/mlgaray/ecommerce_api/internal/application/services/shop_service.go:141.55,143.5 1 1
github.com/mlgaray/ecommerce_api/internal/application/services/shop_service.go:146.2,146.12 1 1
github.com/mlgaray/ecommerce_api/internal/application/services/shop_service.go:155.133,157.45 1 1
github.com/mlgaray/ecommerce_api/internal/application/services/shop_service.go:157.45,159.3 1 1
github.com/mlgaray/ecommerce_api/internal/application/services/shop_service.go:162.2,173.28 3 1
github.com/mlgaray/ecommerce_api/internal/application/services/shop_service.go:173.28,175.13 2 1
github.com/mlgaray/ecommerce_api/internal/application/services/shop_service.go:175.13,178.18 3 1
github.com/mlgaray/ecommerce_api/internal/application/services/shop_service.go:178.18,181.5 2 1
github.com/mlgaray/ecommerce_api/internal/application/services/shop_service.go:182.4,183.19 2 1
github.com/mlgaray/ecommerce_api/internal/application/services/shop_service.go:188.2,188.29 1 1
github.com/mlgaray/ecommerce_api/internal/application/services/shop_service.go:188.29,190.13 2 1
github.com/mlgaray/ecommerce_api/internal/application/services/shop_service.go:190.13,193.18 3 1
github.com/mlgaray/ecommerce_api/internal/application/services/shop_service.go:193.18,196.5 2 1
github.com/mlgaray/ecommerce_api/internal/application/services/shop_service.go:197.4,198.20 2 1
github.com/mlgaray/ecommerce_api/internal/application/services/shop_service.go:203.2,206.39 2 1
github.com/mlgaray/ecommerce_api/internal/application/services/shop_service.go:206.39,208.23 1 1
github.com/mlgaray/ecommerce_api/internal/application/services/shop_service.go:208.23,210.4 1 1
github.com/mlgaray/ecommerce_api/internal/application/services/shop_service.go:211.3,211.24 1 1
github.com/mlgaray/ecommerce_api/internal/application/services/shop_service.go:211.24,213.4 1 1
github.com/mlgaray/ecommerce_api/internal/application/services/shop_service.go:215.3,215.21 1 1
github.com/mlgaray/ecommerce_api/internal/application/services/shop_service.go:215.21,217.4 1 1
github.com/mlgaray/ecommerce_api/internal/application/services/shop_service.go:218.3,218.18 1 1
github.com/mlgaray/ecommerce_api/internal/application/services/shop_service.go:226.2,226.43 1 1
github.com/mlgaray/ecommerce_api/internal/application/services/shop_service.go:226.43,228.35 2 1
github.com/mlgaray/ecommerce_api/internal/application/services/shop_service.go:228.35,231.29 3 1
github.com/mlgaray/ecommerce_api/internal/application/services/shop_service.go:231.29,233.5 1 1
github.com/mlgaray/ecommerce_api/internal/application/services/shop_service.go:235.3,235.31 1 1
github.com/mlgaray/ecommerce_api/internal/application/services/shop_service.go:239.2,239.22 1 1
github.com/mlgaray/ecommerce_api/internal/application/services/shop_service.go:239.22,241.3 1 1
github.com/mlgaray/ecommerce_api/internal/application/services/shop_service.go:242.2,242.23 1 1
github.com/mlgaray/ecommerce_api/internal/application/services/shop_service.go:242.23,244.3 1 1
github.com/mlgaray/ecommerce_api/internal/application/services/shop_service.go:247.2,248.16 2 1
github.com/mlgaray/ecommerce_api/internal/application/services/shop_service.go:248.16,250.23 1 1
github.com/mlgaray/ecommerce_api/internal/application/services/shop_service.go:250.23,252.4 1 1
github.com/mlgaray/ecommerce_api/internal/application/services/shop_service.go:253.3,253.24 1 1
github.com/mlgaray/ecommerce_api/internal/application/services/shop_service.go:253.24,255.4 1 1
github.com/mlgaray/ecommerce_api/internal/application/services/shop_service.go:256.3,256.13 1 1
github.com/mlgaray/ecommerce_api/internal/application/services/shop_service.go:260.2,260.34 1 1
github.com/mlgaray/ecommerce_api/internal/application/services/shop_service.go:260.34,261.16 1 1
github.com/mlgaray/ecommerce_api/internal/application/services/shop_service.go:261.16,262.31 1 1
github.com/mlgaray/ecommerce_api/internal/application/services/shop_service.go:262.31,266.5 3 1
github.com/mlgaray/ecommerce_api/internal/application/services/shop_service.go:270.2,270.12 1 1
github.com/mlgaray/ecommerce_api/internal/application/services/signup_service.go:15.109,20.2 1 1
github.com/mlgaray/ecommerce_api/internal/application/services/signup_service.go:22.113,24.16 2 1
github.com/mlgaray/ecommerce_api/internal/application/services/signup_service.go:24.16,26.3 1 1
github.com/mlgaray/ecommerce_api/internal/application/services/signup_service.go:27.2,29.57 2 1
github.com/mlgaray/ecommerce_api/internal/application/services/staff_service.go:27.21,34.2 1 1
github.com/mlgaray/ecommerce_api/internal/application/services/staff_service.go:36.109,38.2 1 1
github.com/mlgaray/ecommerce_api/internal/application/services/staff_service.go:40.142,41.52 1 1
github.com/mlgaray/ecommerce_api/internal/application/services/staff_service.go:41.52,43.3 1 1
github.com/mlgaray/ecommerce_api/internal/application/services/staff_service.go:45.2,45.57 1 1
github.com/mlgaray/ecommerce_api/internal/application/services/staff_service.go:45.57,47.3 1 1
github.com/mlgaray/ecommerce_api/internal/application/services/staff_service.go:49.2,51.60 2 1
github.com/mlgaray/ecommerce_api/internal/application/services/staff_service.go:51.60,53.3 1 1
github.com/mlgaray/ecommerce_api/internal/application/services/staff_service.go:55.2,56.16 2 1
github.com/mlgaray/ecommerce_api/internal/application/services/staff_service.go:56.16,58.3 1 1
github.com/mlgaray/ecommerce_api/internal/application/services/staff_service.go:60.2,61.16 2 1
github.com/mlgaray/ecommerce_api/internal/application/services/staff_service.go:61.16,64.3 2 1
github.com/mlgaray/ecommerce_api/internal/application/services/staff_service.go:66.2,66.19 1 1
github.com/mlgaray/ecommerce_api/internal/application/services/staff_service.go:69.141,71.2 1 1
github.com/mlgaray/ecommerce_api/internal/application/services/staff_service.go:73.128,75.2 1 1
github.com/mlgaray/ecommerce_api/internal/application/services/staff_service.go:77.101,79.2 1 1
github.com/mlgaray/ecommerce_api/internal/application/services/staff_service.go:81.151,82.52 1 1
github.com/mlgaray/ecommerce_api/internal/application/services/staff_service.go:82.52,84.3 1 1
github.com/mlgaray/ecommerce_api/internal/application/services/staff_service.go:86.2,86.58 1 1
github.com/mlgaray/ecommerce_api/internal/application/services/staff_service.go:86.58,88.3 1 1
github.com/mlgaray/ecommerce_api/internal/application/services/staff_service.go:91.2,92.16 2 1
github.com/mlgaray/ecommerce_api/internal/application/services/staff_service.go:92.16,94.3 1 1
github.com/mlgaray/ecommerce_api/internal/application/services/staff_service.go:95.2,95.35 1 1
github.com/mlgaray/ecommerce_api/internal/application/services/staff_service.go:95.35,97.3 1 1
github.com/mlgaray/ecommerce_api/internal/application/services/staff_service.go:99.2,99.60 1 1
github.com/mlgaray/ecommerce_api/internal/application/services/staff_service.go:99.60,101.3 1 1
github.com/mlgaray/ecommerce_api/internal/application/services/staff_service.go:104.2,105.16 2 1
github.com/mlgaray/ecommerce_api/internal/application/services/staff_service.go:105.16,107.3 1 1
github.com/mlgaray/ecommerce_api/internal/application/services/staff_service.go:109.2,110.16 2 1
github.com/mlgaray/ecommerce_api/internal/application/services/staff_service.go:110.16,113.3 2 1
github.com/mlgaray/ecommerce_api/internal/application/services/staff_service.go:116.2,118.19 2 1
github.com/mlgaray/ecommerce_api/internal/application/services/staff_service.go:121.83,123.16 2 1
github.com/mlgaray/ecommerce_api/internal/application/services/staff_service.go:123.16,125.3 1 1
github.com/mlgaray/ecommerce_api/internal/application/services/staff_service.go:126.2,126.27 1 1
github.com/mlgaray/ecommerce_api/internal/application/services/staff_service.go:126.27,128.3 1 1
github.com/mlgaray/ecommerce_api/internal/application/services/staff_service.go:129.2,129.55 1 1
github.com/mlgaray/ecommerce_api/internal/application/services/staff_service.go:132.106,134.16 2 1
github.com/mlgaray/ecommerce_api/internal/application/services/staff_service.go:134.16,136.3 1 1
github.com/mlgaray/ecommerce_api/internal/application/services/staff_service.go:137.2,137.27 1 1
github.com/mlgaray/ecommerce_api/internal/application/services/staff_service.go:137.27,139.3 1 1
github.com/mlgaray/ecommerce_api/internal/application/services/staff_service.go:140.2,140.61 1 1
github.com/mlgaray/ecommerce_api/internal/application/services/staff_service.go:143.97,144.25 1 1
github.com/mlgaray/ecommerce_api/internal/application/services/staff_service.go:144.25,146.3 1 1
github.com/mlgaray/ecommerce_api/internal/application/services/staff_service.go:147.2,148.16 2 1
github.com/mlgaray/ecommerce_api/internal/application/services/staff_service.go:148.16,150.3 1 1
github.com/mlgaray/ecommerce_api/internal/application/services/staff_service.go:151.2,152.12 2 1
github.com/mlgaray/ecommerce_api/internal/application/services/staff_service.go:155.116,156.27 1 1
github.com/mlgaray/ecommerce_api/internal/application/services/staff_service.go:156.27,158.3 1 1
github.com/mlgaray/ecommerce_api/internal/application/services/staff_service.go:159.2,160.56 2 1
github.com/mlgaray/ecommerce_api/internal/application/services/staff_service.go:163.101,164.44 1 1
github.com/mlgaray/ecommerce_api/internal/application/services/staff_service.go:164.44,166.3 1 1
github.com/mlgaray/ecommerce_api/internal/application/services/staff_service.go:167.2,167.69 1 1
github.com/mlgaray/ecommerce_api/internal/application/services/staff_service.go:167.69,174.3 1 1
github.com/mlgaray/ecommerce_api/internal/application/services/staff_service.go:177.114,178.98 1 1
github.com/mlgaray/ecommerce_api/internal/application/services/staff_service.go:178.98,180.3 1 1
github.com/mlgaray/ecommerce_api/internal/application/services/staff_service.go:181.2,182.18 2 1
github.com/mlgaray/ecommerce_api/internal/application/services/staff_service.go:182.18,184.3 1 1
github.com/mlgaray/ecommerce_api/internal/application/services/staff_service.go:185.2,185.59 1 1
github.com/mlgaray/ecommerce_api/internal/application/services/staff_service.go:185.59,192.3 1 1
github.com/mlgaray/ecommerce_api/internal/application/services/staff_service.go:196.67,197.35 1 1
github.com/mlgaray/ecommerce_api/internal/application/services/staff_service.go:197.35,198.33 1 1
github.com/mlgaray/ecommerce_api/internal/application/services/staff_service.go:198.33,200.4 1 1
github.com/mlgaray/ecommerce_api/internal/application/services/staff_service.go:202.2,202.14 1 1
github.com/mlgaray/ecommerce_api/internal/application/services/staff_service.go:205.80,206.17 1 1
github.com/mlgaray/ecommerce_api/internal/application/services/staff_service.go:206.17,208.3 1 1
github.com/mlgaray/ecommerce_api/internal/application/services/staff_service.go:210.2,211.16 2 1
github.com/mlgaray/ecommerce_api/internal/application/services/staff_service.go:211.16,213.3 1 1
github.com/mlgaray/ecommerce_api/internal/application/services/staff_service.go:215.2,215.32 1 1
github.com/mlgaray/ecommerce_api/internal/application/services/staff_service.go:215.32,217.3 1 1
github.com/mlgaray/ecommerce_api/internal/application/services/staff_service.go:219.2,219.12 1 1
github.com/mlgaray/ecommerce_api/internal/application/services/staff_service.go:227.94,228.40 1 1
github.com/mlgaray/ecommerce_api/internal/application/services/staff_service.go:228.40,230.3 1 1
github.com/mlgaray/ecommerce_api/internal/application/services/staff_service.go:231.2,231.44 1 1
github.com/mlgaray/ecommerce_api/internal/application/services/staff_service.go:231.44,233.3 1 1
github.com/mlgaray/ecommerce_api/internal/application/services/staff_service.go:234.2,234.41 1 1
github.com/mlgaray/ecommerce_api/internal/application/services/staff_service.go:234.41,236.3 1 1
github.com/mlgaray/ecommerce_api/internal/application/services/staff_service.go:237.2,237.21 1 1
github.com/mlgaray/ecommerce_api/internal/application/services/staff_service.go:237.21,238.45 1 1
github.com/mlgaray/ecommerce_api/internal/application/services/staff_service.go:238.45,240.4 1 1
github.com/mlgaray/ecommerce_api/internal/application/services/staff_service.go:241.8,241.74 1 1
github.com/mlgaray/ecommerce_api/internal/application/services/staff_service.go:241.74,243.3 1 1
github.com/mlgaray/ecommerce_api/internal/application/services/staff_service.go:244.2,244.12 1 1
github.com/mlgaray/ecommerce_api/internal/application/services/store_service.go:20.165,26.2 1 1
github.com/mlgaray/ecommerce_api/internal/application/services/store_service.go:29.75,31.2 1 1
github.com/mlgaray/ecommerce_api/internal/application/services/store_service.go:35.94,37.16 2 1
github.com/mlgaray/ecommerce_api/internal/application/services/store_service.go:37.16,39.3 1 1
github.com/mlgaray/ecommerce_api/internal/application/services/store_service.go:40.2,40.21 1 1
github.com/mlgaray/ecommerce_api/internal/application/services/store_service.go:45.91,48.16 2 1
github.com/mlgaray/ecommerce_api/internal/application/services/store_service.go:48.16,50.3 1 1
github.com/mlgaray/ecommerce_api/internal/application/services/store_service.go:53.2,57.19 2 1
github.com/mlgaray/ecommerce_api/internal/application/services/store_service.go:72.110,75.29 2 1
github.com/mlgaray/ecommerce_api/internal/application/services/store_service.go:75.29,76.50 1 1
github.com/mlgaray/ecommerce_api/internal/application/services/store_service.go:76.50,78.4 1 1
github.com/mlgaray/ecommerce_api/internal/application/services/store_service.go:79.3,79.51 1 1
github.com/mlgaray/ecommerce_api/internal/application/services/store_service.go:83.2,84.16 2 1
github.com/mlgaray/ecommerce_api/internal/application/services/store_service.go:84.16,86.3 1 1
github.com/mlgaray/ecommerce_api/internal/application/services/store_service.go:89.2,89.29 1 1
github.com/mlgaray/ecommerce_api/internal/application/services/store_service.go:89.29,91.14 2 1
github.com/mlgaray/ecommerce_api/internal/application/services/store_service.go:91.14,93.4 1 1
github.com/mlgaray/ecommerce_api/internal/application/services/store_service.go:96.3,96.26 1 1
github.com/mlgaray/ecommerce_api/internal/application/services/store_service.go:96.26,98.4 1 1
github.com/mlgaray/ecommerce_api/internal/application/services/store_service.go:101.3,101.46 1 1
github.com/mlgaray/ecommerce_api/internal/application/services/store_service.go:101.46,103.4 1 1
github.com/mlgaray/ecommerce_api/internal/application/services/store_service.go:106.3,106.37 1 1
github.com/mlgaray/ecommerce_api/internal/application/services/store_service.go:106.37,107.63 1 1
github.com/mlgaray/ecommerce_api/internal/application/services/store_service.go:107.63,109.5 1 1
github.com/mlgaray/ecommerce_api/internal/application/services/store_service.go:113.3,113.62 1 1
github.com/mlgaray/ecommerce_api/internal/application/services/store_service.go:113.62,115.4 1 1
github.com/mlgaray/ecommerce_api/internal/application/services/store_service.go:118.3,118.51 1 1
github.com/mlgaray/ecommerce_api/internal/application/services/store_service.go:118.51,120.4 1 1
github.com/mlgaray/ecommerce_api/internal/application/services/store_service.go:123.2,123.12 1 1
github.com/mlgaray/ecommerce_api/internal/application/services/store_service.go:129.99,134.48 2 1
github.com/mlgaray/ecommerce_api/internal/application/services/store_service.go:134.48,135.42 1 1
github.com/mlgaray/ecommerce_api/internal/application/services/store_service.go:135.42,137.21 2 1
github.com/mlgaray/ecommerce_api/internal/application/services/store_service.go:137.21,139.5 1 1
github.com/mlgaray/ecommerce_api/internal/application/services/store_service.go:140.4,140.57 1 1
github.com/mlgaray/ecommerce_api/internal/application/services/store_service.go:145.2,145.65 1 1
github.com/mlgaray/ecommerce_api/internal/application/services/store_service.go:145.65,147.3 1 1
github.com/mlgaray/ecommerce_api/internal/application/services/store_service.go:149.2,149.12 1 1
github.com/mlgaray/ecommerce_api/internal/application/services/store_service.go:156.135,157.53 1 1
github.com/mlgaray/ecommerce_api/internal/application/services/store_service.go:157.53,159.3 1 1
github.com/mlgaray/ecommerce_api/internal/application/services/store_service.go:162.2,163.43 2 1
github.com/mlgaray/ecommerce_api/internal/application/services/store_service.go:163.43,164.33 1 1
github.com/mlgaray/ecommerce_api/internal/application/services/store_service.go:164.33,166.9 2 1
github.com/mlgaray/ecommerce_api/internal/application/services/store_service.go:170.2,170.21 1 1
github.com/mlgaray/ecommerce_api/internal/application/services/store_service.go:170.21,172.3 1 1
github.com/mlgaray/ecommerce_api/internal/application/services/store_service.go:174.2,174.24 1 1
github.com/mlgaray/ecommerce_api/internal/application/services/store_service.go:174.24,176.3 1 1
github.com/mlgaray/ecommerce_api/internal/application/services/store_service.go:179.2,180.71 2 1
github.com/mlgaray/ecommerce_api/internal/application/services/store_service.go:184.93,187.42 1 1
github.com/mlgaray/ecommerce_api/internal/application/services/store_service.go:187.42,189.3 1 1
github.com/mlgaray/ecommerce_api/internal/application/services/store_service.go:190.2,190.10 1 1
github.com/mlgaray/ecommerce_api/internal/application/services/store_service.go:196.124,198.48 1 1
github.com/mlgaray/ecommerce_api/internal/application/services/store_service.go:198.48,199.24 1 1
github.com/mlgaray/ecommerce_api/internal/application/services/store_service.go:199.24,201.4 1 1
github.com/mlgaray/ecommerce_api/internal/application/services/store_service.go:202.3,202.13 1 1
github.com/mlgaray/ecommerce_api/internal/application/services/store_service.go:206.2,206.77 1 1
github.com/mlgaray/ecommerce_api/internal/application/services/store_service.go:206.77,207.56 1 1
github.com/mlgaray/ecommerce_api/internal/application/services/store_service.go:207.56,209.4 1 1
github.com/mlgaray/ecommerce_api/internal/application/services/store_service.go:210.3,210.13 1 1
github.com/mlgaray/ecommerce_api/internal/application/services/store_service.go:214.2,214.35 1 1
github.com/mlgaray/ecommerce_api/internal/application/services/store_service.go:214.35,215.26 1 1
github.com/mlgaray/ecommerce_api/internal/application/services/store_service.go:215.26,217.4 1 1
github.com/mlgaray/ecommerce_api/internal/application/services/store_service.go:219.3,220.18 2 1
github.com/mlgaray/ecommerce_api/internal/application/services/store_service.go:220.18,222.4 1 1
github.com/mlgaray/ecommerce_api/internal/application/services/store_service.go:224.3,224.33 1 1
github.com/mlgaray/ecommerce_api/internal/application/services/store_service.go:224.33,226.4 1 1
github.com/mlgaray/ecommerce_api/internal/application/services/store_service.go:227.3,227.13 1 1
github.com/mlgaray/ecommerce_api/internal/application/services/store_service.go:231.2,231.23 1 1
github.com/mlgaray/ecommerce_api/internal/application/services/store_service.go:231.23,233.3 1 1
github.com/mlgaray/ecommerce_api/internal/application/services/store_service.go:235.2,235.12 1 1
github.com/mlgaray/ecommerce_api/internal/application/services/store_service.go:239.100,240.29 1 1
github.com/mlgaray/ecommerce_api/internal/application/services/store_service.go:240.29,241.20 1 1
github.com/mlgaray/ecommerce_api/internal/application/services/store_service.go:241.20,243.4 1 1
github.com/mlgaray/ecommerce_api/internal/application/services/store_service.go:245.2,245.12 1 1
github.com/mlgaray/ecommerce_api/internal/application/services/user_service.go:26.101,31.2 1 1
github.com/mlgaray/ecommerce_api/internal/application/services/user_service.go:33.91,35.2 1 1
github.com/mlgaray/ecommerce_api/internal/application/services/user_service.go:37.122,39.16 2 1
github.com/mlgaray/ecommerce_api/internal/application/services/user_service.go:39.16,47.3 2 1
github.com/mlgaray/ecommerce_api/internal/application/services/user_service.go:49.2,49.18 1 1
github.com/mlgaray/ecommerce_api/internal/application/services/user_service.go:52.92,54.2 1 1
